<?xml version="1.0" encoding="UTF-8"?>
<!-- Generated by org.testng.reporters.JUnitReportReporter -->
<testsuite hostname="DESKTOP-BQVK38V" failures="0" tests="2" name="com.Testcases.MovestackTest" time="32.677" errors="0" timestamp="2023-11-08T09:11:41 IST" skipped="0">
  <testcase classname="com.Testcases.MovestackTest" name="movestockStoW" time="14.225"/>
  <testcase classname="com.Testcases.MovestackTest" name="movestockWtoS" time="18.452"/>
</testsuite> <!-- com.Testcases.MovestackTest -->
